{
  "stats": {
    "suites": 1,
    "tests": 1,
    "passes": 1,
    "pending": 0,
    "failures": 0,
    "start": "2025-06-08T06:07:58.692Z",
    "end": "2025-06-08T06:08:02.983Z",
    "duration": 4291,
    "testsRegistered": 1,
    "passPercent": 100,
    "pendingPercent": 0,
    "other": 0,
    "hasOther": false,
    "skipped": 0,
    "hasSkipped": false
  },
  "results": [
    {
      "uuid": "ce619c2c-9f57-4515-a6f6-b9dec91fbb15",
      "title": "",
      "fullFile": "cypress\\E2E\\secondTestCase.cy.js",
      "file": "cypress\\E2E\\secondTestCase.cy.js",
      "beforeHooks": [],
      "afterHooks": [],
      "tests": [],
      "suites": [
        {
          "uuid": "d47e4ed3-acbd-4e4f-a3d0-6f0b108e18ed",
          "title": "Facebook functionality",
          "fullFile": "",
          "file": "",
          "beforeHooks": [],
          "afterHooks": [],
          "tests": [
            {
              "title": "Facebook first testcase",
              "fullTitle": "Facebook functionality Facebook first testcase",
              "timedOut": null,
              "duration": 1884,
              "state": "passed",
              "speed": "fast",
              "pass": true,
              "fail": false,
              "pending": false,
              "context": null,
              "code": "cy.visit('https://www.google.com');",
              "err": {},
              "uuid": "ce59203b-9598-40c2-a3ac-0be8a9eaf0e4",
              "parentUUID": "d47e4ed3-acbd-4e4f-a3d0-6f0b108e18ed",
              "isHook": false,
              "skipped": false
            }
          ],
          "suites": [],
          "passes": [
            "ce59203b-9598-40c2-a3ac-0be8a9eaf0e4"
          ],
          "failures": [],
          "pending": [],
          "skipped": [],
          "duration": 1884,
          "root": false,
          "rootEmpty": false,
          "_timeout": 2000
        }
      ],
      "passes": [],
      "failures": [],
      "pending": [],
      "skipped": [],
      "duration": 0,
      "root": true,
      "rootEmpty": true,
      "_timeout": 2000
    }
  ],
  "meta": {
    "mocha": {
      "version": "7.2.0"
    },
    "mochawesome": {
      "options": {
        "quiet": false,
        "reportFilename": "mochawesome",
        "saveHtml": false,
        "saveJson": true,
        "consoleReporter": "spec",
        "useInlineDiffs": false,
        "code": true
      },
      "version": "7.1.3"
    },
    "marge": {
      "options": {
        "reportDir": "cypress/reports",
        "overwrite": false,
        "html": false,
        "json": true
      },
      "version": "6.2.0"
    }
  }
}